0 info it worked if it ends with ok
1 verbose cli [ 'node', '/usr/local/bin/npm', 'install', '-d' ]
2 info using npm@2.11.3
3 info using node@v0.12.7
4 verbose readDependencies loading dependencies from /Users/JacquelineWilliams/dev/projects_2015/node_mongo_api/workout-tracker/package.json
5 verbose install where, deps [ '/Users/JacquelineWilliams/dev/projects_2015/node_mongo_api/workout-tracker',
5 verbose install   [ 'body-parser',
5 verbose install     'cookie-parser',
5 verbose install     'debug',
5 verbose install     'express',
5 verbose install     'jade',
5 verbose install     'morgan',
5 verbose install     'serve-favicon' ] ]
6 verbose install where, peers [ '/Users/JacquelineWilliams/dev/projects_2015/node_mongo_api/workout-tracker',
6 verbose install   [] ]
7 verbose installManyTop reading for lifecycle /Users/JacquelineWilliams/dev/projects_2015/node_mongo_api/workout-tracker/package.json
8 info preinstall workout-tracker@0.0.0
9 verbose readDependencies loading dependencies from /Users/JacquelineWilliams/dev/projects_2015/node_mongo_api/workout-tracker/package.json
10 silly cache add args [ 'cookie-parser@~1.3.5', null ]
11 verbose cache add spec cookie-parser@~1.3.5
12 silly cache add parsed spec { raw: 'cookie-parser@~1.3.5',
12 silly cache add   scope: null,
12 silly cache add   name: 'cookie-parser',
12 silly cache add   rawSpec: '~1.3.5',
12 silly cache add   spec: '>=1.3.5 <1.4.0',
12 silly cache add   type: 'range' }
13 silly addNamed cookie-parser@>=1.3.5 <1.4.0
14 verbose addNamed ">=1.3.5 <1.4.0" is a valid semver range for cookie-parser
15 silly addNameRange { name: 'cookie-parser',
15 silly addNameRange   range: '>=1.3.5 <1.4.0',
15 silly addNameRange   hasData: false }
16 silly mapToRegistry name cookie-parser
17 silly mapToRegistry using default registry
18 silly mapToRegistry registry https://registry.npmjs.org/
19 silly mapToRegistry uri https://registry.npmjs.org/cookie-parser
20 verbose addNameRange registry:https://registry.npmjs.org/cookie-parser not in flight; fetching
21 silly cache add args [ 'debug@~2.2.0', null ]
22 verbose cache add spec debug@~2.2.0
23 silly cache add parsed spec { raw: 'debug@~2.2.0',
23 silly cache add   scope: null,
23 silly cache add   name: 'debug',
23 silly cache add   rawSpec: '~2.2.0',
23 silly cache add   spec: '>=2.2.0 <2.3.0',
23 silly cache add   type: 'range' }
24 silly addNamed debug@>=2.2.0 <2.3.0
25 verbose addNamed ">=2.2.0 <2.3.0" is a valid semver range for debug
26 silly addNameRange { name: 'debug', range: '>=2.2.0 <2.3.0', hasData: false }
27 silly mapToRegistry name debug
28 silly mapToRegistry using default registry
29 silly mapToRegistry registry https://registry.npmjs.org/
30 silly mapToRegistry uri https://registry.npmjs.org/debug
31 verbose addNameRange registry:https://registry.npmjs.org/debug not in flight; fetching
32 silly cache add args [ 'express@~4.13.1', null ]
33 verbose cache add spec express@~4.13.1
34 silly cache add parsed spec { raw: 'express@~4.13.1',
34 silly cache add   scope: null,
34 silly cache add   name: 'express',
34 silly cache add   rawSpec: '~4.13.1',
34 silly cache add   spec: '>=4.13.1 <4.14.0',
34 silly cache add   type: 'range' }
35 silly addNamed express@>=4.13.1 <4.14.0
36 verbose addNamed ">=4.13.1 <4.14.0" is a valid semver range for express
37 silly addNameRange { name: 'express', range: '>=4.13.1 <4.14.0', hasData: false }
38 silly mapToRegistry name express
39 silly mapToRegistry using default registry
40 silly mapToRegistry registry https://registry.npmjs.org/
41 silly mapToRegistry uri https://registry.npmjs.org/express
42 verbose addNameRange registry:https://registry.npmjs.org/express not in flight; fetching
43 silly cache add args [ 'jade@~1.11.0', null ]
44 verbose cache add spec jade@~1.11.0
45 silly cache add parsed spec { raw: 'jade@~1.11.0',
45 silly cache add   scope: null,
45 silly cache add   name: 'jade',
45 silly cache add   rawSpec: '~1.11.0',
45 silly cache add   spec: '>=1.11.0 <1.12.0',
45 silly cache add   type: 'range' }
46 silly addNamed jade@>=1.11.0 <1.12.0
47 verbose addNamed ">=1.11.0 <1.12.0" is a valid semver range for jade
48 silly addNameRange { name: 'jade', range: '>=1.11.0 <1.12.0', hasData: false }
49 silly mapToRegistry name jade
50 silly mapToRegistry using default registry
51 silly mapToRegistry registry https://registry.npmjs.org/
52 silly mapToRegistry uri https://registry.npmjs.org/jade
53 verbose addNameRange registry:https://registry.npmjs.org/jade not in flight; fetching
54 silly cache add args [ 'morgan@~1.6.1', null ]
55 verbose cache add spec morgan@~1.6.1
56 silly cache add parsed spec { raw: 'morgan@~1.6.1',
56 silly cache add   scope: null,
56 silly cache add   name: 'morgan',
56 silly cache add   rawSpec: '~1.6.1',
56 silly cache add   spec: '>=1.6.1 <1.7.0',
56 silly cache add   type: 'range' }
57 silly addNamed morgan@>=1.6.1 <1.7.0
58 verbose addNamed ">=1.6.1 <1.7.0" is a valid semver range for morgan
59 silly addNameRange { name: 'morgan', range: '>=1.6.1 <1.7.0', hasData: false }
60 silly mapToRegistry name morgan
61 silly mapToRegistry using default registry
62 silly mapToRegistry registry https://registry.npmjs.org/
63 silly mapToRegistry uri https://registry.npmjs.org/morgan
64 verbose addNameRange registry:https://registry.npmjs.org/morgan not in flight; fetching
65 silly cache add args [ 'serve-favicon@~2.3.0', null ]
66 verbose cache add spec serve-favicon@~2.3.0
67 silly cache add parsed spec { raw: 'serve-favicon@~2.3.0',
67 silly cache add   scope: null,
67 silly cache add   name: 'serve-favicon',
67 silly cache add   rawSpec: '~2.3.0',
67 silly cache add   spec: '>=2.3.0 <2.4.0',
67 silly cache add   type: 'range' }
68 silly addNamed serve-favicon@>=2.3.0 <2.4.0
69 verbose addNamed ">=2.3.0 <2.4.0" is a valid semver range for serve-favicon
70 silly addNameRange { name: 'serve-favicon',
70 silly addNameRange   range: '>=2.3.0 <2.4.0',
70 silly addNameRange   hasData: false }
71 silly mapToRegistry name serve-favicon
72 silly mapToRegistry using default registry
73 silly mapToRegistry registry https://registry.npmjs.org/
74 silly mapToRegistry uri https://registry.npmjs.org/serve-favicon
75 verbose addNameRange registry:https://registry.npmjs.org/serve-favicon not in flight; fetching
76 silly cache add args [ 'body-parser@~1.13.2', null ]
77 verbose cache add spec body-parser@~1.13.2
78 silly cache add parsed spec { raw: 'body-parser@~1.13.2',
78 silly cache add   scope: null,
78 silly cache add   name: 'body-parser',
78 silly cache add   rawSpec: '~1.13.2',
78 silly cache add   spec: '>=1.13.2 <1.14.0',
78 silly cache add   type: 'range' }
79 silly addNamed body-parser@>=1.13.2 <1.14.0
80 verbose addNamed ">=1.13.2 <1.14.0" is a valid semver range for body-parser
81 silly addNameRange { name: 'body-parser',
81 silly addNameRange   range: '>=1.13.2 <1.14.0',
81 silly addNameRange   hasData: false }
82 silly mapToRegistry name body-parser
83 silly mapToRegistry using default registry
84 silly mapToRegistry registry https://registry.npmjs.org/
85 silly mapToRegistry uri https://registry.npmjs.org/body-parser
86 verbose addNameRange registry:https://registry.npmjs.org/body-parser not in flight; fetching
87 verbose request uri https://registry.npmjs.org/cookie-parser
88 verbose request no auth needed
89 info attempt registry request try #1 at 9:51:40 PM
90 verbose request id a00b2c61a719d97f
91 verbose etag "GS1U76P9BJXYY1VG6QKF7FNG"
92 http request GET https://registry.npmjs.org/cookie-parser
93 verbose request uri https://registry.npmjs.org/jade
94 verbose request no auth needed
95 info attempt registry request try #1 at 9:51:41 PM
96 verbose etag "BPV74BB9P72Z3MOMIT564BY7M"
97 http request GET https://registry.npmjs.org/jade
98 verbose request uri https://registry.npmjs.org/morgan
99 verbose request no auth needed
100 info attempt registry request try #1 at 9:51:41 PM
101 verbose etag "AHH6UYHQK1MK94ETWII6NCLWP"
102 http request GET https://registry.npmjs.org/morgan
103 verbose request uri https://registry.npmjs.org/debug
104 verbose request no auth needed
105 info attempt registry request try #1 at 9:51:41 PM
106 verbose etag "4C04OXOETSA4VCCWG7O486WRY"
107 http request GET https://registry.npmjs.org/debug
108 verbose request uri https://registry.npmjs.org/serve-favicon
109 verbose request no auth needed
110 info attempt registry request try #1 at 9:51:41 PM
111 verbose etag "25B4APJK71DP5RHJ9E4IZ3KS4"
112 http request GET https://registry.npmjs.org/serve-favicon
113 verbose request uri https://registry.npmjs.org/express
114 verbose request no auth needed
115 info attempt registry request try #1 at 9:51:41 PM
116 verbose etag "5ZH7WSZ9QJVCKUZOKG2IT7P6G"
117 http request GET https://registry.npmjs.org/express
118 verbose request uri https://registry.npmjs.org/body-parser
119 verbose request no auth needed
120 info attempt registry request try #1 at 9:51:41 PM
121 verbose etag "9XGHHU5SSQIX3FVXT8YJFUP0G"
122 http request GET https://registry.npmjs.org/body-parser
123 http 304 https://registry.npmjs.org/debug
124 silly get cb [ 304,
124 silly get   { date: 'Sat, 22 Aug 2015 01:51:40 GMT',
124 silly get     via: '1.1 varnish',
124 silly get     'cache-control': 'max-age=60',
124 silly get     etag: '"4C04OXOETSA4VCCWG7O486WRY"',
124 silly get     age: '24',
124 silly get     connection: 'keep-alive',
124 silly get     'x-served-by': 'cache-iad2141-IAD',
124 silly get     'x-cache': 'HIT',
124 silly get     'x-cache-hits': '2',
124 silly get     'x-timer': 'S1440208300.978163,VS0,VE0',
124 silly get     vary: 'Accept' } ]
125 verbose etag https://registry.npmjs.org/debug from cache
126 verbose get saving debug to /Users/JacquelineWilliams/.npm/registry.npmjs.org/debug/.cache.json
127 http 304 https://registry.npmjs.org/jade
128 silly get cb [ 304,
128 silly get   { date: 'Sat, 22 Aug 2015 01:51:40 GMT',
128 silly get     via: '1.1 varnish',
128 silly get     'cache-control': 'max-age=60',
128 silly get     etag: '"BPV74BB9P72Z3MOMIT564BY7M"',
128 silly get     age: '25',
128 silly get     connection: 'keep-alive',
128 silly get     'x-served-by': 'cache-iad2134-IAD',
128 silly get     'x-cache': 'HIT',
128 silly get     'x-cache-hits': '1',
128 silly get     'x-timer': 'S1440208300.977853,VS0,VE0',
128 silly get     vary: 'Accept' } ]
129 verbose etag https://registry.npmjs.org/jade from cache
130 verbose get saving jade to /Users/JacquelineWilliams/.npm/registry.npmjs.org/jade/.cache.json
131 silly addNameRange number 2 { name: 'debug', range: '>=2.2.0 <2.3.0', hasData: true }
132 silly addNameRange versions [ 'debug',
132 silly addNameRange   [ '0.0.1',
132 silly addNameRange     '0.1.0',
132 silly addNameRange     '0.2.0',
132 silly addNameRange     '0.3.0',
132 silly addNameRange     '0.4.0',
132 silly addNameRange     '0.4.1',
132 silly addNameRange     '0.5.0',
132 silly addNameRange     '0.6.0',
132 silly addNameRange     '0.7.0',
132 silly addNameRange     '0.7.1',
132 silly addNameRange     '0.7.2',
132 silly addNameRange     '0.7.3',
132 silly addNameRange     '0.7.4',
132 silly addNameRange     '0.8.0',
132 silly addNameRange     '0.8.1',
132 silly addNameRange     '1.0.0',
132 silly addNameRange     '1.0.1',
132 silly addNameRange     '1.0.2',
132 silly addNameRange     '1.0.3',
132 silly addNameRange     '1.0.4',
132 silly addNameRange     '2.0.0',
132 silly addNameRange     '2.1.0',
132 silly addNameRange     '2.1.1',
132 silly addNameRange     '2.1.2',
132 silly addNameRange     '2.1.3',
132 silly addNameRange     '2.2.0' ] ]
133 silly addNamed debug@2.2.0
134 verbose addNamed "2.2.0" is a plain semver version for debug
135 silly addNameRange number 2 { name: 'jade', range: '>=1.11.0 <1.12.0', hasData: true }
136 silly addNameRange versions [ 'jade',
136 silly addNameRange   [ '0.0.1',
136 silly addNameRange     '0.0.2',
136 silly addNameRange     '0.1.0',
136 silly addNameRange     '0.2.0',
136 silly addNameRange     '0.2.1',
136 silly addNameRange     '0.2.2',
136 silly addNameRange     '0.2.3',
136 silly addNameRange     '0.2.4',
136 silly addNameRange     '0.3.0',
136 silly addNameRange     '0.4.0',
136 silly addNameRange     '0.4.1',
136 silly addNameRange     '0.5.0',
136 silly addNameRange     '0.5.1',
136 silly addNameRange     '0.5.2',
136 silly addNameRange     '0.5.3',
136 silly addNameRange     '0.5.4',
136 silly addNameRange     '0.5.5',
136 silly addNameRange     '0.5.6',
136 silly addNameRange     '0.5.7',
136 silly addNameRange     '0.6.0',
136 silly addNameRange     '0.6.1',
136 silly addNameRange     '0.6.3',
136 silly addNameRange     '0.7.0',
136 silly addNameRange     '0.7.1',
136 silly addNameRange     '0.8.0',
136 silly addNameRange     '0.8.1',
136 silly addNameRange     '0.8.2',
136 silly addNameRange     '0.8.3',
136 silly addNameRange     '0.8.4',
136 silly addNameRange     '0.8.5',
136 silly addNameRange     '0.8.6',
136 silly addNameRange     '0.8.7',
136 silly addNameRange     '0.8.8',
136 silly addNameRange     '0.8.9',
136 silly addNameRange     '0.9.0',
136 silly addNameRange     '0.9.1',
136 silly addNameRange     '0.9.2',
136 silly addNameRange     '0.9.3',
136 silly addNameRange     '0.10.0',
136 silly addNameRange     '0.10.1',
136 silly addNameRange     '0.10.2',
136 silly addNameRange     '0.10.3',
136 silly addNameRange     '0.10.4',
136 silly addNameRange     '0.10.5',
136 silly addNameRange     '0.10.6',
136 silly addNameRange     '0.10.7',
136 silly addNameRange     '0.11.0',
136 silly addNameRange     '0.11.1',
136 silly addNameRange     '0.12.0',
136 silly addNameRange     '0.12.1',
136 silly addNameRange     '0.12.2',
136 silly addNameRange     '0.12.3',
136 silly addNameRange     '0.12.4',
136 silly addNameRange     '0.13.0',
136 silly addNameRange     '0.14.0',
136 silly addNameRange     '0.14.1',
136 silly addNameRange     '0.14.2',
136 silly addNameRange     '0.15.0',
136 silly addNameRange     '0.15.1',
136 silly addNameRange     '0.15.2',
136 silly addNameRange     '0.15.3',
136 silly addNameRange     '0.15.4',
136 silly addNameRange     '0.16.0',
136 silly addNameRange     '0.16.1',
136 silly addNameRange     '0.16.2',
136 silly addNameRange     '0.16.3',
136 silly addNameRange     '0.16.4',
136 silly addNameRange     '0.17.0',
136 silly addNameRange     '0.18.0',
136 silly addNameRange     '0.19.0',
136 silly addNameRange     '0.20.0',
136 silly addNameRange     '0.20.1',
136 silly addNameRange     '0.20.2',
136 silly addNameRange     '0.20.3',
136 silly addNameRange     '0.21.0',
136 silly addNameRange     '0.22.0',
136 silly addNameRange     '0.22.1',
136 silly addNameRange     '0.23.0',
136 silly addNameRange     '0.24.0',
136 silly addNameRange     '0.25.0',
136 silly addNameRange     '0.26.0',
136 silly addNameRange     '0.26.1',
136 silly addNameRange     '0.26.2',
136 silly addNameRange     '0.26.3',
136 silly addNameRange     '0.27.0',
136 silly addNameRange     '0.27.1',
136 silly addNameRange     '0.27.2',
136 silly addNameRange     '0.27.3',
136 silly addNameRange     '0.27.4',
136 silly addNameRange     '0.27.5',
136 silly addNameRange     '0.27.6',
136 silly addNameRange     '0.27.7',
136 silly addNameRange     '0.28.0',
136 silly addNameRange     '0.28.1',
136 silly addNameRange     '0.28.2',
136 silly addNameRange     '0.29.0',
136 silly addNameRange     '0.30.0',
136 silly addNameRange     '0.31.0',
136 silly addNameRange     '0.31.1',
136 silly addNameRange     '0.31.2',
136 silly addNameRange     '0.32.0',
136 silly addNameRange     '0.33.0',
136 silly addNameRange     '0.34.0',
136 silly addNameRange     '0.34.1',
136 silly addNameRange     '0.35.0',
136 silly addNameRange     '1.0.0',
136 silly addNameRange     '1.0.1',
136 silly addNameRange     '1.0.2',
136 silly addNameRange     '1.1.0',
136 silly addNameRange     '1.1.1',
136 silly addNameRange     '1.1.2',
136 silly addNameRange     '1.1.3',
136 silly addNameRange     '1.1.4',
136 silly addNameRange     '1.1.5',
136 silly addNameRange     '1.2.0',
136 silly addNameRange     '1.3.0',
136 silly addNameRange     '1.3.1',
136 silly addNameRange     '1.4.0',
136 silly addNameRange     '1.4.1',
136 silly addNameRange     '1.4.2',
136 silly addNameRange     '1.5.0',
136 silly addNameRange     '1.6.0',
136 silly addNameRange     '1.7.0',
136 silly addNameRange     '1.8.0',
136 silly addNameRange     '1.8.1',
136 silly addNameRange     '1.8.2',
136 silly addNameRange     '1.9.0',
136 silly addNameRange     '1.9.1',
136 silly addNameRange     '1.9.2',
136 silly addNameRange     '1.10.0',
136 silly addNameRange     '1.11.0' ] ]
137 silly addNamed jade@1.11.0
138 verbose addNamed "1.11.0" is a plain semver version for jade
139 silly cache afterAdd debug@2.2.0
140 verbose afterAdd /Users/JacquelineWilliams/.npm/debug/2.2.0/package/package.json not in flight; writing
141 silly cache afterAdd jade@1.11.0
142 verbose afterAdd /Users/JacquelineWilliams/.npm/jade/1.11.0/package/package.json not in flight; writing
143 verbose afterAdd /Users/JacquelineWilliams/.npm/debug/2.2.0/package/package.json written
144 verbose afterAdd /Users/JacquelineWilliams/.npm/jade/1.11.0/package/package.json written
145 http 304 https://registry.npmjs.org/body-parser
146 silly get cb [ 304,
146 silly get   { date: 'Sat, 22 Aug 2015 01:51:41 GMT',
146 silly get     via: '1.1 varnish',
146 silly get     'cache-control': 'max-age=60',
146 silly get     etag: '"9XGHHU5SSQIX3FVXT8YJFUP0G"',
146 silly get     age: '56',
146 silly get     connection: 'keep-alive',
146 silly get     'x-served-by': 'cache-iad2126-IAD',
146 silly get     'x-cache': 'HIT',
146 silly get     'x-cache-hits': '1',
146 silly get     'x-timer': 'S1440208301.014717,VS0,VE1',
146 silly get     vary: 'Accept' } ]
147 verbose etag https://registry.npmjs.org/body-parser from cache
148 verbose get saving body-parser to /Users/JacquelineWilliams/.npm/registry.npmjs.org/body-parser/.cache.json
149 http 304 https://registry.npmjs.org/serve-favicon
150 silly get cb [ 304,
150 silly get   { date: 'Sat, 22 Aug 2015 01:51:41 GMT',
150 silly get     via: '1.1 varnish',
150 silly get     'cache-control': 'max-age=60',
150 silly get     etag: '"25B4APJK71DP5RHJ9E4IZ3KS4"',
150 silly get     age: '26',
150 silly get     connection: 'keep-alive',
150 silly get     'x-served-by': 'cache-iad2125-IAD',
150 silly get     'x-cache': 'HIT',
150 silly get     'x-cache-hits': '331',
150 silly get     'x-timer': 'S1440208301.015483,VS0,VE0',
150 silly get     vary: 'Accept' } ]
151 verbose etag https://registry.npmjs.org/serve-favicon from cache
152 verbose get saving serve-favicon to /Users/JacquelineWilliams/.npm/registry.npmjs.org/serve-favicon/.cache.json
153 silly addNameRange number 2 { name: 'serve-favicon', range: '>=2.3.0 <2.4.0', hasData: true }
154 silly addNameRange versions [ 'serve-favicon',
154 silly addNameRange   [ '2.0.0',
154 silly addNameRange     '2.0.1',
154 silly addNameRange     '2.1.0',
154 silly addNameRange     '2.1.1',
154 silly addNameRange     '2.1.2',
154 silly addNameRange     '2.1.3',
154 silly addNameRange     '2.1.4',
154 silly addNameRange     '2.1.5',
154 silly addNameRange     '2.1.6',
154 silly addNameRange     '2.1.7',
154 silly addNameRange     '2.2.0',
154 silly addNameRange     '2.2.1',
154 silly addNameRange     '2.3.0' ] ]
155 silly addNamed serve-favicon@2.3.0
156 verbose addNamed "2.3.0" is a plain semver version for serve-favicon
157 silly addNameRange number 2 { name: 'body-parser', range: '>=1.13.2 <1.14.0', hasData: true }
158 silly addNameRange versions [ 'body-parser',
158 silly addNameRange   [ '1.0.0',
158 silly addNameRange     '1.0.1',
158 silly addNameRange     '1.0.2',
158 silly addNameRange     '1.1.0',
158 silly addNameRange     '1.1.1',
158 silly addNameRange     '1.1.2',
158 silly addNameRange     '1.2.0',
158 silly addNameRange     '1.2.1',
158 silly addNameRange     '1.2.2',
158 silly addNameRange     '1.3.0',
158 silly addNameRange     '1.3.1',
158 silly addNameRange     '1.4.0',
158 silly addNameRange     '1.4.1',
158 silly addNameRange     '1.4.2',
158 silly addNameRange     '1.4.3',
158 silly addNameRange     '1.5.0',
158 silly addNameRange     '1.5.1',
158 silly addNameRange     '1.5.2',
158 silly addNameRange     '1.6.0',
158 silly addNameRange     '1.6.1',
158 silly addNameRange     '1.6.2',
158 silly addNameRange     '1.6.3',
158 silly addNameRange     '1.6.4',
158 silly addNameRange     '1.6.5',
158 silly addNameRange     '1.6.6',
158 silly addNameRange     '1.6.7',
158 silly addNameRange     '1.7.0',
158 silly addNameRange     '1.8.0',
158 silly addNameRange     '1.8.1',
158 silly addNameRange     '1.8.2',
158 silly addNameRange     '1.8.3',
158 silly addNameRange     '1.8.4',
158 silly addNameRange     '1.9.0',
158 silly addNameRange     '1.9.1',
158 silly addNameRange     '1.9.2',
158 silly addNameRange     '1.9.3',
158 silly addNameRange     '1.10.0',
158 silly addNameRange     '1.10.1',
158 silly addNameRange     '1.10.2',
158 silly addNameRange     '1.11.0',
158 silly addNameRange     '1.12.0',
158 silly addNameRange     '1.12.1',
158 silly addNameRange     '1.12.2',
158 silly addNameRange     '1.12.3',
158 silly addNameRange     '1.12.4',
158 silly addNameRange     '1.13.0',
158 silly addNameRange     '1.13.1',
158 silly addNameRange     '1.13.2',
158 silly addNameRange     '1.13.3' ] ]
159 silly addNamed body-parser@1.13.3
160 verbose addNamed "1.13.3" is a plain semver version for body-parser
161 silly cache afterAdd serve-favicon@2.3.0
162 verbose afterAdd /Users/JacquelineWilliams/.npm/serve-favicon/2.3.0/package/package.json not in flight; writing
163 silly cache afterAdd body-parser@1.13.3
164 verbose afterAdd /Users/JacquelineWilliams/.npm/body-parser/1.13.3/package/package.json not in flight; writing
165 verbose afterAdd /Users/JacquelineWilliams/.npm/serve-favicon/2.3.0/package/package.json written
166 verbose afterAdd /Users/JacquelineWilliams/.npm/body-parser/1.13.3/package/package.json written
167 http 200 https://registry.npmjs.org/morgan
168 silly get cb [ 200,
168 silly get   { server: 'CouchDB/1.5.0 (Erlang OTP/R16B03)',
168 silly get     etag: '"1RQBDKKR3V5ZRW2SZUQIVY2J2"',
168 silly get     'content-type': 'application/json',
168 silly get     'cache-control': 'max-age=60',
168 silly get     'content-length': '41979',
168 silly get     'accept-ranges': 'bytes',
168 silly get     date: 'Sat, 22 Aug 2015 01:51:41 GMT',
168 silly get     via: '1.1 varnish',
168 silly get     age: '16',
168 silly get     connection: 'keep-alive',
168 silly get     'x-served-by': 'cache-iad2130-IAD',
168 silly get     'x-cache': 'HIT',
168 silly get     'x-cache-hits': '1',
168 silly get     'x-timer': 'S1440208301.012038,VS0,VE0',
168 silly get     vary: 'Accept' } ]
169 verbose get saving morgan to /Users/JacquelineWilliams/.npm/registry.npmjs.org/morgan/.cache.json
170 silly addNameRange number 2 { name: 'morgan', range: '>=1.6.1 <1.7.0', hasData: true }
171 silly addNameRange versions [ 'morgan',
171 silly addNameRange   [ '1.0.0',
171 silly addNameRange     '1.0.1',
171 silly addNameRange     '1.1.0',
171 silly addNameRange     '1.1.1',
171 silly addNameRange     '1.2.0',
171 silly addNameRange     '1.2.1',
171 silly addNameRange     '1.2.2',
171 silly addNameRange     '1.2.3',
171 silly addNameRange     '1.3.0',
171 silly addNameRange     '1.3.1',
171 silly addNameRange     '1.3.2',
171 silly addNameRange     '1.4.0',
171 silly addNameRange     '1.4.1',
171 silly addNameRange     '1.5.0',
171 silly addNameRange     '1.5.1',
171 silly addNameRange     '1.5.2',
171 silly addNameRange     '1.5.3',
171 silly addNameRange     '1.6.0',
171 silly addNameRange     '1.6.1' ] ]
172 silly addNamed morgan@1.6.1
173 verbose addNamed "1.6.1" is a plain semver version for morgan
174 silly cache afterAdd morgan@1.6.1
175 verbose afterAdd /Users/JacquelineWilliams/.npm/morgan/1.6.1/package/package.json not in flight; writing
176 verbose afterAdd /Users/JacquelineWilliams/.npm/morgan/1.6.1/package/package.json written
177 http 200 https://registry.npmjs.org/cookie-parser
178 silly get cb [ 200,
178 silly get   { server: 'CouchDB/1.5.0 (Erlang OTP/R16B03)',
178 silly get     etag: '"EY9G5SIXF5JDOA3AF7RU530KN"',
178 silly get     'content-type': 'application/json',
178 silly get     'cache-control': 'max-age=60',
178 silly get     'content-length': '17428',
178 silly get     'accept-ranges': 'bytes',
178 silly get     date: 'Sat, 22 Aug 2015 01:51:41 GMT',
178 silly get     via: '1.1 varnish',
178 silly get     age: '0',
178 silly get     connection: 'keep-alive',
178 silly get     'x-served-by': 'cache-iad2128-IAD',
178 silly get     'x-cache': 'HIT',
178 silly get     'x-cache-hits': '1',
178 silly get     'x-timer': 'S1440208301.016448,VS0,VE56',
178 silly get     vary: 'Accept' } ]
179 verbose get saving cookie-parser to /Users/JacquelineWilliams/.npm/registry.npmjs.org/cookie-parser/.cache.json
180 silly addNameRange number 2 { name: 'cookie-parser', range: '>=1.3.5 <1.4.0', hasData: true }
181 silly addNameRange versions [ 'cookie-parser',
181 silly addNameRange   [ '1.0.0',
181 silly addNameRange     '1.0.1',
181 silly addNameRange     '1.1.0',
181 silly addNameRange     '1.2.0',
181 silly addNameRange     '1.3.0',
181 silly addNameRange     '1.3.1',
181 silly addNameRange     '1.3.2',
181 silly addNameRange     '1.3.3',
181 silly addNameRange     '1.3.4',
181 silly addNameRange     '1.3.5' ] ]
182 silly addNamed cookie-parser@1.3.5
183 verbose addNamed "1.3.5" is a plain semver version for cookie-parser
184 silly cache afterAdd cookie-parser@1.3.5
185 verbose afterAdd /Users/JacquelineWilliams/.npm/cookie-parser/1.3.5/package/package.json not in flight; writing
186 verbose afterAdd /Users/JacquelineWilliams/.npm/cookie-parser/1.3.5/package/package.json written
187 http 200 https://registry.npmjs.org/express
188 silly get cb [ 200,
188 silly get   { server: 'CouchDB/1.5.0 (Erlang OTP/R16B03)',
188 silly get     etag: '"46YG8DINTCOTDHF0R74YPA8BQ"',
188 silly get     'content-type': 'application/json',
188 silly get     'cache-control': 'max-age=60',
188 silly get     'content-length': '526100',
188 silly get     'accept-ranges': 'bytes',
188 silly get     date: 'Sat, 22 Aug 2015 01:51:41 GMT',
188 silly get     via: '1.1 varnish',
188 silly get     age: '30',
188 silly get     connection: 'keep-alive',
188 silly get     'x-served-by': 'cache-iad2131-IAD',
188 silly get     'x-cache': 'HIT',
188 silly get     'x-cache-hits': '1',
188 silly get     'x-timer': 'S1440208301.015077,VS0,VE2',
188 silly get     vary: 'Accept' } ]
189 verbose get saving express to /Users/JacquelineWilliams/.npm/registry.npmjs.org/express/.cache.json
190 silly addNameRange number 2 { name: 'express', range: '>=4.13.1 <4.14.0', hasData: true }
191 silly addNameRange versions [ 'express',
191 silly addNameRange   [ '0.14.0',
191 silly addNameRange     '0.14.1',
191 silly addNameRange     '1.0.0',
191 silly addNameRange     '1.0.1',
191 silly addNameRange     '1.0.2',
191 silly addNameRange     '1.0.3',
191 silly addNameRange     '1.0.4',
191 silly addNameRange     '1.0.5',
191 silly addNameRange     '1.0.6',
191 silly addNameRange     '1.0.7',
191 silly addNameRange     '1.0.8',
191 silly addNameRange     '2.0.0',
191 silly addNameRange     '2.1.0',
191 silly addNameRange     '2.1.1',
191 silly addNameRange     '2.2.0',
191 silly addNameRange     '2.2.1',
191 silly addNameRange     '2.2.2',
191 silly addNameRange     '2.3.0',
191 silly addNameRange     '2.3.1',
191 silly addNameRange     '2.3.2',
191 silly addNameRange     '2.3.3',
191 silly addNameRange     '2.3.4',
191 silly addNameRange     '2.3.5',
191 silly addNameRange     '2.3.6',
191 silly addNameRange     '2.3.7',
191 silly addNameRange     '2.3.8',
191 silly addNameRange     '2.3.9',
191 silly addNameRange     '2.3.10',
191 silly addNameRange     '2.3.11',
191 silly addNameRange     '2.3.12',
191 silly addNameRange     '2.4.0',
191 silly addNameRange     '2.4.1',
191 silly addNameRange     '2.4.2',
191 silly addNameRange     '2.4.3',
191 silly addNameRange     '2.4.4',
191 silly addNameRange     '2.4.5',
191 silly addNameRange     '2.4.6',
191 silly addNameRange     '2.4.7',
191 silly addNameRange     '2.5.0',
191 silly addNameRange     '2.5.1',
191 silly addNameRange     '2.5.2',
191 silly addNameRange     '2.5.3',
191 silly addNameRange     '2.5.4',
191 silly addNameRange     '2.5.5',
191 silly addNameRange     '2.5.6',
191 silly addNameRange     '2.5.7',
191 silly addNameRange     '2.5.8',
191 silly addNameRange     '2.5.9',
191 silly addNameRange     '2.5.10',
191 silly addNameRange     '2.5.11',
191 silly addNameRange     '3.0.0',
191 silly addNameRange     '3.0.1',
191 silly addNameRange     '3.0.2',
191 silly addNameRange     '3.0.3',
191 silly addNameRange     '3.0.4',
191 silly addNameRange     '3.0.5',
191 silly addNameRange     '3.0.6',
191 silly addNameRange     '3.1.0',
191 silly addNameRange     '3.1.1',
191 silly addNameRange     '3.1.2',
191 silly addNameRange     '3.2.0',
191 silly addNameRange     '3.2.1',
191 silly addNameRange     '3.2.2',
191 silly addNameRange     '3.2.3',
191 silly addNameRange     '3.2.4',
191 silly addNameRange     '3.2.5',
191 silly addNameRange     '3.2.6',
191 silly addNameRange     '3.3.0',
191 silly addNameRange     '3.3.1',
191 silly addNameRange     '3.3.2',
191 silly addNameRange     '3.3.3',
191 silly addNameRange     '3.3.4',
191 silly addNameRange     '3.3.5',
191 silly addNameRange     '3.3.6',
191 silly addNameRange     '1.0.0-beta',
191 silly addNameRange     '1.0.0-beta2',
191 silly addNameRange     '1.0.0-rc',
191 silly addNameRange     '1.0.0-rc2',
191 silly addNameRange     '1.0.0-rc3',
191 silly addNameRange     '1.0.0-rc4',
191 silly addNameRange     '2.0.0-beta',
191 silly addNameRange     '2.0.0-beta2',
191 silly addNameRange     '2.0.0-beta3',
191 silly addNameRange     '2.0.0-rc',
191 silly addNameRange     '2.0.0-rc2',
191 silly addNameRange     '2.0.0-rc3',
191 silly addNameRange     '3.0.0-alpha1',
191 silly addNameRange     '3.0.0-alpha2',
191 silly addNameRange     '3.0.0-alpha3',
191 silly addNameRange     '3.0.0-alpha4',
191 silly addNameRange     '3.0.0-alpha5',
191 silly addNameRange     '3.0.0-beta1',
191 silly addNameRange     '3.0.0-beta2',
191 silly addNameRange     '3.0.0-beta3',
191 silly addNameRange     '3.0.0-beta4',
191 silly addNameRange     '3.0.0-beta6',
191 silly addNameRange     '3.0.0-beta7',
191 silly addNameRange     '3.0.0-rc1',
191 silly addNameRange     '3.0.0-rc2',
191 silly addNameRange     '3.0.0-rc3',
191 silly addNameRange     '3.0.0-rc4',
191 silly addNameRange     '3.0.0-rc5',
191 silly addNameRange     '3.3.7',
191 silly addNameRange     '3.3.8',
191 silly addNameRange     '3.4.0',
191 silly addNameRange     '3.4.1',
191 silly addNameRange     '3.4.2',
191 silly addNameRange     '3.4.3',
191 silly addNameRange     '3.4.4',
191 silly addNameRange     '3.4.5',
191 silly addNameRange     '3.4.6',
191 silly addNameRange     '3.4.7',
191 silly addNameRange     '3.4.8',
191 silly addNameRange     '4.0.0-rc1',
191 silly addNameRange     '4.0.0-rc2',
191 silly addNameRange     '3.5.0',
191 silly addNameRange     '4.0.0-rc3',
191 silly addNameRange     '4.0.0-rc4',
191 silly addNameRange     '3.5.1',
191 silly addNameRange     '4.0.0',
191 silly addNameRange     '3.5.2',
191 silly addNameRange     '4.1.0',
191 silly addNameRange     '4.1.1',
191 silly addNameRange     '3.5.3',
191 silly addNameRange     '4.1.2',
191 silly addNameRange     '3.6.0',
191 silly addNameRange     '4.2.0',
191 silly addNameRange     '3.7.0',
191 silly addNameRange     '3.8.0',
191 silly addNameRange     '4.3.0',
191 silly addNameRange     '4.3.1',
191 silly addNameRange     '3.8.1',
191 silly addNameRange     '4.3.2',
191 silly addNameRange     '3.9.0',
191 silly addNameRange     '4.4.0',
191 silly addNameRange     '4.4.1',
191 silly addNameRange     '3.10.0',
191 silly addNameRange     '3.10.1',
191 silly addNameRange     '3.10.2',
191 silly addNameRange     '3.10.3',
191 silly addNameRange     '3.10.4',
191 silly addNameRange     '4.4.2',
191 silly addNameRange     '3.10.5',
191 silly addNameRange     '4.4.3',
191 silly addNameRange     '3.11.0',
191 silly addNameRange     '4.4.4',
191 silly addNameRange     '3.12.0',
191 silly addNameRange     '3.12.1',
191 silly addNameRange     '4.4.5',
191 silly addNameRange     '3.13.0',
191 silly addNameRange     '4.5.0',
191 silly addNameRange     '4.5.1',
191 silly addNameRange     '3.14.0',
191 silly addNameRange     '4.6.0',
191 silly addNameRange     '4.6.1',
191 silly addNameRange     '3.15.0',
191 silly addNameRange     '4.7.0',
191 silly addNameRange     '3.15.1',
191 silly addNameRange     '4.7.1',
191 silly addNameRange     '3.15.2',
191 silly addNameRange     '4.7.2',
191 silly addNameRange     '4.7.3',
191 silly addNameRange     '3.15.3',
191 silly addNameRange     '4.7.4',
191 silly addNameRange     '3.16.0',
191 silly addNameRange     '4.8.0',
191 silly addNameRange     '3.16.1',
191 silly addNameRange     '4.8.1',
191 silly addNameRange     '3.16.2',
191 silly addNameRange     '4.8.2',
191 silly addNameRange     '3.16.3',
191 silly addNameRange     '3.16.4',
191 silly addNameRange     '4.8.3',
191 silly addNameRange     '3.16.5',
191 silly addNameRange     '3.16.6',
191 silly addNameRange     '4.8.4',
191 silly addNameRange     '3.16.7',
191 silly addNameRange     '4.8.5',
191 silly addNameRange     '3.16.8',
191 silly addNameRange     '4.8.6',
191 silly addNameRange     '3.16.9',
191 silly addNameRange     '4.8.7',
191 silly addNameRange     '3.16.10',
191 silly addNameRange     '4.8.8',
191 silly addNameRange     '3.17.0',
191 silly addNameRange     '3.17.1',
191 silly addNameRange     '4.9.0',
191 silly addNameRange     '3.17.2',
191 silly addNameRange     '4.9.1',
191 silly addNameRange     '4.9.2',
191 silly addNameRange     '3.17.3',
191 silly addNameRange     '4.9.3',
191 silly addNameRange     '3.17.4',
191 silly addNameRange     '4.9.4',
191 silly addNameRange     '3.17.5',
191 silly addNameRange     '4.9.5',
191 silly addNameRange     '3.17.6',
191 silly addNameRange     '3.17.7',
191 silly addNameRange     '4.9.6',
191 silly addNameRange     '4.9.7',
191 silly addNameRange     '3.17.8',
191 silly addNameRange     '4.9.8',
191 silly addNameRange     '3.18.0',
191 silly addNameRange     '3.18.1',
191 silly addNameRange     '4.10.0',
191 silly addNameRange     '3.18.2',
191 silly addNameRange     '4.10.1',
191 silly addNameRange     '5.0.0-alpha.1',
191 silly addNameRange     '3.18.3',
191 silly addNameRange     '4.10.2',
191 silly addNameRange     '3.18.4',
191 silly addNameRange     '4.10.3',
191 silly addNameRange     '4.10.4',
191 silly addNameRange     '4.10.5',
191 silly addNameRange     '3.18.5',
191 silly addNameRange     '3.18.6',
191 silly addNameRange     '4.10.6',
191 silly addNameRange     '4.10.7',
191 silly addNameRange     '3.19.0',
191 silly addNameRange     '4.10.8',
191 silly addNameRange     '4.11.0',
191 silly addNameRange     '3.19.1',
191 silly addNameRange     '4.11.1',
191 silly addNameRange     '3.19.2',
191 silly addNameRange     '4.11.2',
191 silly addNameRange     '3.20.0',
191 silly addNameRange     '4.12.0',
191 silly addNameRange     '3.20.1',
191 silly addNameRange     '4.12.1',
191 silly addNameRange     '4.12.2',
191 silly addNameRange     '3.20.2',
191 silly addNameRange     '4.12.3',
191 silly addNameRange     '3.20.3',
191 silly addNameRange     '4.12.4',
191 silly addNameRange     '3.21.0',
191 silly addNameRange     '4.13.0',
191 silly addNameRange     '3.21.1',
191 silly addNameRange     '4.13.1',
191 silly addNameRange     '5.0.0-alpha.2',
191 silly addNameRange     '3.21.2',
191 silly addNameRange     '4.13.2',
191 silly addNameRange     '4.13.3' ] ]
192 silly addNamed express@4.13.3
193 verbose addNamed "4.13.3" is a plain semver version for express
194 silly cache afterAdd express@4.13.3
195 verbose afterAdd /Users/JacquelineWilliams/.npm/express/4.13.3/package/package.json not in flight; writing
196 verbose afterAdd /Users/JacquelineWilliams/.npm/express/4.13.3/package/package.json written
197 silly install resolved [ { name: 'debug',
197 silly install resolved     version: '2.2.0',
197 silly install resolved     repository: { type: 'git', url: 'git://github.com/visionmedia/debug.git' },
197 silly install resolved     description: 'small debugging utility',
197 silly install resolved     keywords: [ 'debug', 'log', 'debugger' ],
197 silly install resolved     author: { name: 'TJ Holowaychuk', email: 'tj@vision-media.ca' },
197 silly install resolved     contributors: [ [Object] ],
197 silly install resolved     license: 'MIT',
197 silly install resolved     dependencies: { ms: '0.7.1' },
197 silly install resolved     devDependencies: { browserify: '9.0.3', mocha: '*' },
197 silly install resolved     main: './node.js',
197 silly install resolved     browser: './browser.js',
197 silly install resolved     component: { scripts: [Object] },
197 silly install resolved     gitHead: 'b38458422b5aa8aa6d286b10dfe427e8a67e2b35',
197 silly install resolved     bugs: { url: 'https://github.com/visionmedia/debug/issues' },
197 silly install resolved     homepage: 'https://github.com/visionmedia/debug',
197 silly install resolved     _id: 'debug@2.2.0',
197 silly install resolved     scripts: {},
197 silly install resolved     _shasum: 'f87057e995b1a1f6ae6a4960664137bc56f039da',
197 silly install resolved     _from: 'debug@>=2.2.0 <2.3.0',
197 silly install resolved     _npmVersion: '2.7.4',
197 silly install resolved     _nodeVersion: '0.12.2',
197 silly install resolved     _npmUser: { name: 'tootallnate', email: 'nathan@tootallnate.net' },
197 silly install resolved     maintainers: [ [Object], [Object] ],
197 silly install resolved     dist:
197 silly install resolved      { shasum: 'f87057e995b1a1f6ae6a4960664137bc56f039da',
197 silly install resolved        tarball: 'http://registry.npmjs.org/debug/-/debug-2.2.0.tgz' },
197 silly install resolved     directories: {},
197 silly install resolved     _resolved: 'https://registry.npmjs.org/debug/-/debug-2.2.0.tgz',
197 silly install resolved     readme: 'ERROR: No README data found!' },
197 silly install resolved   { name: 'jade',
197 silly install resolved     description: 'A clean, whitespace-sensitive template language for writing HTML',
197 silly install resolved     version: '1.11.0',
197 silly install resolved     author: { name: 'TJ Holowaychuk', email: 'tj@vision-media.ca' },
197 silly install resolved     maintainers: [ [Object], [Object], [Object], [Object] ],
197 silly install resolved     license: 'MIT',
197 silly install resolved     repository: { type: 'git', url: 'git://github.com/jadejs/jade.git' },
197 silly install resolved     main: 'lib',
197 silly install resolved     bin: { jade: './bin/jade.js' },
197 silly install resolved     dependencies:
197 silly install resolved      { 'character-parser': '1.2.1',
197 silly install resolved        'clean-css': '^3.1.9',
197 silly install resolved        commander: '~2.6.0',
197 silly install resolved        constantinople: '~3.0.1',
197 silly install resolved        jstransformer: '0.0.2',
197 silly install resolved        mkdirp: '~0.5.0',
197 silly install resolved        transformers: '2.1.0',
197 silly install resolved        'uglify-js': '^2.4.19',
197 silly install resolved        'void-elements': '~2.0.1',
197 silly install resolved        with: '~4.0.0' },
197 silly install resolved     devDependencies:
197 silly install resolved      { browserify: '*',
197 silly install resolved        'browserify-middleware': '~4.1.0',
197 silly install resolved        'code-mirror': '~3.22.0',
197 silly install resolved        'coffee-script': '*',
197 silly install resolved        coveralls: '^2.11.2',
197 silly install resolved        express: '~4.10.4',
197 silly install resolved        'github-basic': '^4.1.2',
197 silly install resolved        handle: '~1.0.0',
197 silly install resolved        'highlight-codemirror': '~4.1.0',
197 silly install resolved        inconsolata: '0.0.2',
197 silly install resolved        istanbul: '*',
197 silly install resolved        'jade-code-mirror': '~1.0.5',
197 silly install resolved        'jade-highlighter': '~1.0.5',
197 silly install resolved        'jstransformer-cdata': '0.0.3',
197 silly install resolved        'jstransformer-coffee-script': '0.0.2',
197 silly install resolved        'jstransformer-less': '^1.0.0',
197 silly install resolved        'jstransformer-marked': '0.0.1',
197 silly install resolved        'jstransformer-stylus': '0.0.1',
197 silly install resolved        'jstransformer-verbatim': '0.0.2',
197 silly install resolved        less: '<2.0.0',
197 silly install resolved        'less-file': '0.0.9',
197 silly install resolved        linify: '*',
197 silly install resolved        lsr: '^1.0.0',
197 silly install resolved        marked: '~0.3.3',
197 silly install resolved        mocha: '*',
197 silly install resolved        opener: '^1.3.0',
197 silly install resolved        'pull-request': '^3.0.0',
197 silly install resolved        rimraf: '^2.2.8',
197 silly install resolved        should: '*',
197 silly install resolved        stop: '^3.0.0-rc1',
197 silly install resolved        stylus: '*',
197 silly install resolved        twbs: '0.0.6',
197 silly install resolved        'uglify-js': '*' },
197 silly install resolved     component: { scripts: [Object] },
197 silly install resolved     scripts:
197 silly install resolved      { test: 'mocha -R spec',
197 silly install resolved        precoverage: 'rimraf coverage && rimraf cov-pt*',
197 silly install resolved        coverage: 'istanbul cover --report none --dir cov-pt0 node_modules/mocha/bin/_mocha -- -R dot',
197 silly install resolved        postcoverage: 'istanbul report --include cov-pt\\*/coverage.json && rimraf cov-pt*',
197 silly install resolved        coveralls: 'npm run coverage && cat ./coverage/lcov.info | coveralls',
197 silly install resolved        prepublish: 'npm prune && linify transform bin && npm run build',
197 silly install resolved        build: 'npm run compile',
197 silly install resolved        compile: 'npm run compile-full && npm run compile-runtime',
197 silly install resolved        'compile-full': 'browserify ./lib/index.js --standalone jade -x ./node_modules/transformers > jade.js',
197 silly install resolved        'compile-runtime': 'browserify ./lib/runtime.js --standalone jade > runtime.js' },
197 silly install resolved     browser: { fs: false, './lib/filters.js': './lib/filters-client.js' },
197 silly install resolved     homepage: 'http://jade-lang.com',
197 silly install resolved     gitHead: '31966399f86b15159f2ff47dff99fbf4c92fadd5',
197 silly install resolved     bugs: { url: 'https://github.com/jadejs/jade/issues' },
197 silly install resolved     _id: 'jade@1.11.0',
197 silly install resolved     _shasum: '9c80e538c12d3fb95c8d9bb9559fa0cc040405fd',
197 silly install resolved     _from: 'jade@>=1.11.0 <1.12.0',
197 silly install resolved     _npmVersion: '2.11.0',
197 silly install resolved     _nodeVersion: '2.2.1',
197 silly install resolved     _npmUser: { name: 'alubbe', email: 'npm@lubbe.org' },
197 silly install resolved     dist:
197 silly install resolved      { shasum: '9c80e538c12d3fb95c8d9bb9559fa0cc040405fd',
197 silly install resolved        tarball: 'http://registry.npmjs.org/jade/-/jade-1.11.0.tgz' },
197 silly install resolved     directories: {},
197 silly install resolved     _resolved: 'https://registry.npmjs.org/jade/-/jade-1.11.0.tgz',
197 silly install resolved     readme: 'ERROR: No README data found!' },
197 silly install resolved   { name: 'serve-favicon',
197 silly install resolved     description: 'favicon serving middleware with caching',
197 silly install resolved     version: '2.3.0',
197 silly install resolved     author:
197 silly install resolved      { name: 'Douglas Christopher Wilson',
197 silly install resolved        email: 'doug@somethingdoug.com' },
197 silly install resolved     license: 'MIT',
197 silly install resolved     keywords: [ 'express', 'favicon', 'middleware' ],
197 silly install resolved     repository:
197 silly install resolved      { type: 'git',
197 silly install resolved        url: 'git+https://github.com/expressjs/serve-favicon.git' },
197 silly install resolved     dependencies:
197 silly install resolved      { etag: '~1.7.0',
197 silly install resolved        fresh: '0.3.0',
197 silly install resolved        ms: '0.7.1',
197 silly install resolved        parseurl: '~1.3.0' },
197 silly install resolved     devDependencies:
197 silly install resolved      { istanbul: '0.3.9',
197 silly install resolved        mocha: '2.2.5',
197 silly install resolved        proxyquire: '~1.2.0',
197 silly install resolved        supertest: '1.0.1' },
197 silly install resolved     files: [ 'LICENSE', 'HISTORY.md', 'index.js' ],
197 silly install resolved     engines: { node: '>= 0.8.0' },
197 silly install resolved     scripts:
197 silly install resolved      { test: 'mocha --reporter spec --bail --check-leaks test/',
197 silly install resolved        'test-ci': 'istanbul cover node_modules/mocha/bin/_mocha --report lcovonly -- --reporter spec --check-leaks test/',
197 silly install resolved        'test-cov': 'istanbul cover node_modules/mocha/bin/_mocha -- --reporter dot --check-leaks test/' },
197 silly install resolved     gitHead: '3d719b0103a56eefecefa199dc622b4ea87b128b',
197 silly install resolved     bugs: { url: 'https://github.com/expressjs/serve-favicon/issues' },
197 silly install resolved     homepage: 'https://github.com/expressjs/serve-favicon',
197 silly install resolved     _id: 'serve-favicon@2.3.0',
197 silly install resolved     _shasum: 'aed36cc6834069a6f189cc7222c6a1a811dc5b39',
197 silly install resolved     _from: 'serve-favicon@>=2.3.0 <2.4.0',
197 silly install resolved     _npmVersion: '1.4.28',
197 silly install resolved     _npmUser: { name: 'dougwilson', email: 'doug@somethingdoug.com' },
197 silly install resolved     maintainers: [ [Object] ],
197 silly install resolved     dist:
197 silly install resolved      { shasum: 'aed36cc6834069a6f189cc7222c6a1a811dc5b39',
197 silly install resolved        tarball: 'http://registry.npmjs.org/serve-favicon/-/serve-favicon-2.3.0.tgz' },
197 silly install resolved     directories: {},
197 silly install resolved     _resolved: 'https://registry.npmjs.org/serve-favicon/-/serve-favicon-2.3.0.tgz',
197 silly install resolved     readme: 'ERROR: No README data found!' },
197 silly install resolved   { name: 'body-parser',
197 silly install resolved     description: 'Node.js body parsing middleware',
197 silly install resolved     version: '1.13.3',
197 silly install resolved     contributors: [ [Object], [Object] ],
197 silly install resolved     license: 'MIT',
197 silly install resolved     repository:
197 silly install resolved      { type: 'git',
197 silly install resolved        url: 'git+https://github.com/expressjs/body-parser.git' },
197 silly install resolved     dependencies:
197 silly install resolved      { bytes: '2.1.0',
197 silly install resolved        'content-type': '~1.0.1',
197 silly install resolved        debug: '~2.2.0',
197 silly install resolved        depd: '~1.0.1',
197 silly install resolved        'http-errors': '~1.3.1',
197 silly install resolved        'iconv-lite': '0.4.11',
197 silly install resolved        'on-finished': '~2.3.0',
197 silly install resolved        qs: '4.0.0',
197 silly install resolved        'raw-body': '~2.1.2',
197 silly install resolved        'type-is': '~1.6.6' },
197 silly install resolved     devDependencies:
197 silly install resolved      { istanbul: '0.3.17',
197 silly install resolved        methods: '~1.1.1',
197 silly install resolved        mocha: '2.2.5',
197 silly install resolved        supertest: '1.0.1' },
197 silly install resolved     files: [ 'lib/', 'LICENSE', 'HISTORY.md', 'index.js' ],
197 silly install resolved     engines: { node: '>= 0.8' },
197 silly install resolved     scripts:
197 silly install resolved      { test: 'mocha --require test/support/env --reporter spec --check-leaks --bail test/',
197 silly install resolved        'test-cov': 'istanbul cover node_modules/mocha/bin/_mocha -- --require test/support/env --reporter dot --check-leaks test/',
197 silly install resolved        'test-travis': 'istanbul cover node_modules/mocha/bin/_mocha --report lcovonly -- --require test/support/env --reporter spec --check-leaks test/' },
197 silly install resolved     gitHead: '79d0972bd18247071326105bfb36539830b61b76',
197 silly install resolved     bugs: { url: 'https://github.com/expressjs/body-parser/issues' },
197 silly install resolved     homepage: 'https://github.com/expressjs/body-parser',
197 silly install resolved     _id: 'body-parser@1.13.3',
197 silly install resolved     _shasum: 'c08cf330c3358e151016a05746f13f029c97fa97',
197 silly install resolved     _from: 'body-parser@>=1.13.2 <1.14.0',
197 silly install resolved     _npmVersion: '1.4.28',
197 silly install resolved     _npmUser: { name: 'dougwilson', email: 'doug@somethingdoug.com' },
197 silly install resolved     maintainers: [ [Object], [Object], [Object], [Object], [Object], [Object] ],
197 silly install resolved     dist:
197 silly install resolved      { shasum: 'c08cf330c3358e151016a05746f13f029c97fa97',
197 silly install resolved        tarball: 'http://registry.npmjs.org/body-parser/-/body-parser-1.13.3.tgz' },
197 silly install resolved     directories: {},
197 silly install resolved     _resolved: 'https://registry.npmjs.org/body-parser/-/body-parser-1.13.3.tgz',
197 silly install resolved     readme: 'ERROR: No README data found!' },
197 silly install resolved   { name: 'morgan',
197 silly install resolved     description: 'HTTP request logger middleware for node.js',
197 silly install resolved     version: '1.6.1',
197 silly install resolved     contributors: [ [Object], [Object] ],
197 silly install resolved     license: 'MIT',
197 silly install resolved     repository:
197 silly install resolved      { type: 'git',
197 silly install resolved        url: 'git+https://github.com/expressjs/morgan.git' },
197 silly install resolved     dependencies:
197 silly install resolved      { 'basic-auth': '~1.0.3',
197 silly install resolved        debug: '~2.2.0',
197 silly install resolved        depd: '~1.0.1',
197 silly install resolved        'on-finished': '~2.3.0',
197 silly install resolved        'on-headers': '~1.0.0' },
197 silly install resolved     devDependencies:
197 silly install resolved      { istanbul: '0.3.17',
197 silly install resolved        mocha: '2.2.5',
197 silly install resolved        split: '1.0.0',
197 silly install resolved        supertest: '1.0.1' },
197 silly install resolved     files: [ 'LICENSE', 'HISTORY.md', 'README.md', 'index.js' ],
197 silly install resolved     engines: { node: '>= 0.8.0' },
197 silly install resolved     scripts:
197 silly install resolved      { test: 'mocha --check-leaks --reporter spec --bail',
197 silly install resolved        'test-cov': 'istanbul cover node_modules/mocha/bin/_mocha -- --check-leaks --reporter dot',
197 silly install resolved        'test-travis': 'istanbul cover node_modules/mocha/bin/_mocha --report lcovonly -- --check-leaks --reporter spec' },
197 silly install resolved     gitHead: '300286d1472928b10f723e8ea138533dfbd3b521',
197 silly install resolved     bugs: { url: 'https://github.com/expressjs/morgan/issues' },
197 silly install resolved     homepage: 'https://github.com/expressjs/morgan',
197 silly install resolved     _id: 'morgan@1.6.1',
197 silly install resolved     _shasum: '5fd818398c6819cba28a7cd6664f292fe1c0bbf2',
197 silly install resolved     _from: 'morgan@>=1.6.1 <1.7.0',
197 silly install resolved     _npmVersion: '1.4.28',
197 silly install resolved     _npmUser: { name: 'dougwilson', email: 'doug@somethingdoug.com' },
197 silly install resolved     maintainers: [ [Object], [Object], [Object], [Object], [Object], [Object] ],
197 silly install resolved     dist:
197 silly install resolved      { shasum: '5fd818398c6819cba28a7cd6664f292fe1c0bbf2',
197 silly install resolved        tarball: 'http://registry.npmjs.org/morgan/-/morgan-1.6.1.tgz' },
197 silly install resolved     directories: {},
197 silly install resolved     _resolved: 'https://registry.npmjs.org/morgan/-/morgan-1.6.1.tgz',
197 silly install resolved     readme: 'ERROR: No README data found!' },
197 silly install resolved   { name: 'cookie-parser',
197 silly install resolved     description: 'cookie parsing with signatures',
197 silly install resolved     version: '1.3.5',
197 silly install resolved     author:
197 silly install resolved      { name: 'TJ Holowaychuk',
197 silly install resolved        email: 'tj@vision-media.ca',
197 silly install resolved        url: 'http://tjholowaychuk.com' },
197 silly install resolved     license: 'MIT',
197 silly install resolved     repository:
197 silly install resolved      { type: 'git',
197 silly install resolved        url: 'git+https://github.com/expressjs/cookie-parser.git' },
197 silly install resolved     keywords: [ 'cookie', 'middleware' ],
197 silly install resolved     dependencies: { cookie: '0.1.3', 'cookie-signature': '1.0.6' },
197 silly install resolved     devDependencies: { istanbul: '0.3.9', mocha: '2.2.5', supertest: '1.0.1' },
197 silly install resolved     files: [ 'lib/', 'LICENSE', 'HISTORY.md', 'index.js' ],
197 silly install resolved     engines: { node: '>= 0.8.0' },
197 silly install resolved     scripts:
197 silly install resolved      { test: 'mocha --reporter spec --bail --check-leaks test/',
197 silly install resolved        'test-cov': 'istanbul cover node_modules/mocha/bin/_mocha -- --reporter dot --check-leaks test/',
197 silly install resolved        'test-travis': 'istanbul cover node_modules/mocha/bin/_mocha --report lcovonly -- --reporter spec --check-leaks test/' },
197 silly install resolved     gitHead: '8133968c429c3f48eb8e3ed54932c52743ac9034',
197 silly install resolved     bugs: { url: 'https://github.com/expressjs/cookie-parser/issues' },
197 silly install resolved     homepage: 'https://github.com/expressjs/cookie-parser',
197 silly install resolved     _id: 'cookie-parser@1.3.5',
197 silly install resolved     _shasum: '9d755570fb5d17890771227a02314d9be7cf8356',
197 silly install resolved     _from: 'cookie-parser@>=1.3.5 <1.4.0',
197 silly install resolved     _npmVersion: '1.4.28',
197 silly install resolved     _npmUser: { name: 'dougwilson', email: 'doug@somethingdoug.com' },
197 silly install resolved     maintainers: [ [Object], [Object] ],
197 silly install resolved     dist:
197 silly install resolved      { shasum: '9d755570fb5d17890771227a02314d9be7cf8356',
197 silly install resolved        tarball: 'http://registry.npmjs.org/cookie-parser/-/cookie-parser-1.3.5.tgz' },
197 silly install resolved     directories: {},
197 silly install resolved     _resolved: 'https://registry.npmjs.org/cookie-parser/-/cookie-parser-1.3.5.tgz',
197 silly install resolved     readme: 'ERROR: No README data found!' },
197 silly install resolved   { name: 'express',
197 silly install resolved     description: 'Fast, unopinionated, minimalist web framework',
197 silly install resolved     version: '4.13.3',
197 silly install resolved     author: { name: 'TJ Holowaychuk', email: 'tj@vision-media.ca' },
197 silly install resolved     contributors:
197 silly install resolved      [ [Object],
197 silly install resolved        [Object],
197 silly install resolved        [Object],
197 silly install resolved        [Object],
197 silly install resolved        [Object],
197 silly install resolved        [Object],
197 silly install resolved        [Object] ],
197 silly install resolved     license: 'MIT',
197 silly install resolved     repository:
197 silly install resolved      { type: 'git',
197 silly install resolved        url: 'git+https://github.com/strongloop/express.git' },
197 silly install resolved     homepage: 'http://expressjs.com/',
197 silly install resolved     keywords:
197 silly install resolved      [ 'express',
197 silly install resolved        'framework',
197 silly install resolved        'sinatra',
197 silly install resolved        'web',
197 silly install resolved        'rest',
197 silly install resolved        'restful',
197 silly install resolved        'router',
197 silly install resolved        'app',
197 silly install resolved        'api' ],
197 silly install resolved     dependencies:
197 silly install resolved      { accepts: '~1.2.12',
197 silly install resolved        'array-flatten': '1.1.1',
197 silly install resolved        'content-disposition': '0.5.0',
197 silly install resolved        'content-type': '~1.0.1',
197 silly install resolved        cookie: '0.1.3',
197 silly install resolved        'cookie-signature': '1.0.6',
197 silly install resolved        debug: '~2.2.0',
197 silly install resolved        depd: '~1.0.1',
197 silly install resolved        'escape-html': '1.0.2',
197 silly install resolved        etag: '~1.7.0',
197 silly install resolved        finalhandler: '0.4.0',
197 silly install resolved        fresh: '0.3.0',
197 silly install resolved        'merge-descriptors': '1.0.0',
197 silly install resolved        methods: '~1.1.1',
197 silly install resolved        'on-finished': '~2.3.0',
197 silly install resolved        parseurl: '~1.3.0',
197 silly install resolved        'path-to-regexp': '0.1.7',
197 silly install resolved        'proxy-addr': '~1.0.8',
197 silly install resolved        qs: '4.0.0',
197 silly install resolved        'range-parser': '~1.0.2',
197 silly install resolved        send: '0.13.0',
197 silly install resolved        'serve-static': '~1.10.0',
197 silly install resolved        'type-is': '~1.6.6',
197 silly install resolved        'utils-merge': '1.0.0',
197 silly install resolved        vary: '~1.0.1' },
197 silly install resolved     devDependencies:
197 silly install resolved      { after: '0.8.1',
197 silly install resolved        ejs: '2.3.3',
197 silly install resolved        istanbul: '0.3.17',
197 silly install resolved        marked: '0.3.5',
197 silly install resolved        mocha: '2.2.5',
197 silly install resolved        should: '7.0.2',
197 silly install resolved        supertest: '1.0.1',
197 silly install resolved        'body-parser': '~1.13.3',
197 silly install resolved        'connect-redis': '~2.4.1',
197 silly install resolved        'cookie-parser': '~1.3.5',
197 silly install resolved        'cookie-session': '~1.2.0',
197 silly install resolved        'express-session': '~1.11.3',
197 silly install resolved        jade: '~1.11.0',
197 silly install resolved        'method-override': '~2.3.5',
197 silly install resolved        morgan: '~1.6.1',
197 silly install resolved        multiparty: '~4.1.2',
197 silly install resolved        vhost: '~3.0.1' },
197 silly install resolved     engines: { node: '>= 0.10.0' },
197 silly install resolved     files: [ 'LICENSE', 'History.md', 'Readme.md', 'index.js', 'lib/' ],
197 silly install resolved     scripts:
197 silly install resolved      { test: 'mocha --require test/support/env --reporter spec --bail --check-leaks test/ test/acceptance/',
197 silly install resolved        'test-ci': 'istanbul cover node_modules/mocha/bin/_mocha --report lcovonly -- --require test/support/env --reporter spec --check-leaks test/ test/acceptance/',
197 silly install resolved        'test-cov': 'istanbul cover node_modules/mocha/bin/_mocha -- --require test/support/env --reporter dot --check-leaks test/ test/acceptance/',
197 silly install resolved        'test-tap': 'mocha --require test/support/env --reporter tap --check-leaks test/ test/acceptance/' },
197 silly install resolved     gitHead: 'ef7ad681b245fba023843ce94f6bcb8e275bbb8e',
197 silly install resolved     bugs: { url: 'https://github.com/strongloop/express/issues' },
197 silly install resolved     _id: 'express@4.13.3',
197 silly install resolved     _shasum: 'ddb2f1fb4502bf33598d2b032b037960ca6c80a3',
197 silly install resolved     _from: 'express@>=4.13.1 <4.14.0',
197 silly install resolved     _npmVersion: '1.4.28',
197 silly install resolved     _npmUser: { name: 'dougwilson', email: 'doug@somethingdoug.com' },
197 silly install resolved     maintainers:
197 silly install resolved      [ [Object],
197 silly install resolved        [Object],
197 silly install resolved        [Object],
197 silly install resolved        [Object],
197 silly install resolved        [Object],
197 silly install resolved        [Object],
197 silly install resolved        [Object] ],
197 silly install resolved     dist:
197 silly install resolved      { shasum: 'ddb2f1fb4502bf33598d2b032b037960ca6c80a3',
197 silly install resolved        tarball: 'http://registry.npmjs.org/express/-/express-4.13.3.tgz' },
197 silly install resolved     directories: {},
197 silly install resolved     _resolved: 'https://registry.npmjs.org/express/-/express-4.13.3.tgz',
197 silly install resolved     readme: 'ERROR: No README data found!' } ]
198 info install debug@2.2.0 into /Users/JacquelineWilliams/dev/projects_2015/node_mongo_api/workout-tracker
199 info install jade@1.11.0 into /Users/JacquelineWilliams/dev/projects_2015/node_mongo_api/workout-tracker
200 info install serve-favicon@2.3.0 into /Users/JacquelineWilliams/dev/projects_2015/node_mongo_api/workout-tracker
201 info install body-parser@1.13.3 into /Users/JacquelineWilliams/dev/projects_2015/node_mongo_api/workout-tracker
202 info install morgan@1.6.1 into /Users/JacquelineWilliams/dev/projects_2015/node_mongo_api/workout-tracker
203 info install cookie-parser@1.3.5 into /Users/JacquelineWilliams/dev/projects_2015/node_mongo_api/workout-tracker
204 info install express@4.13.3 into /Users/JacquelineWilliams/dev/projects_2015/node_mongo_api/workout-tracker
205 info installOne debug@2.2.0
206 verbose installOne of debug to /Users/JacquelineWilliams/dev/projects_2015/node_mongo_api/workout-tracker not in flight; installing
207 info installOne jade@1.11.0
208 verbose installOne of jade to /Users/JacquelineWilliams/dev/projects_2015/node_mongo_api/workout-tracker not in flight; installing
209 info installOne serve-favicon@2.3.0
210 verbose installOne of serve-favicon to /Users/JacquelineWilliams/dev/projects_2015/node_mongo_api/workout-tracker not in flight; installing
211 info installOne body-parser@1.13.3
212 verbose installOne of body-parser to /Users/JacquelineWilliams/dev/projects_2015/node_mongo_api/workout-tracker not in flight; installing
213 info installOne morgan@1.6.1
214 verbose installOne of morgan to /Users/JacquelineWilliams/dev/projects_2015/node_mongo_api/workout-tracker not in flight; installing
215 info installOne cookie-parser@1.3.5
216 verbose installOne of cookie-parser to /Users/JacquelineWilliams/dev/projects_2015/node_mongo_api/workout-tracker not in flight; installing
217 info installOne express@4.13.3
218 verbose installOne of express to /Users/JacquelineWilliams/dev/projects_2015/node_mongo_api/workout-tracker not in flight; installing
219 warn locking Error: EACCES, open '/Users/JacquelineWilliams/.npm/_locks/debug-8e701bb53f36e4a3.lock'
219 warn locking     at Error (native)
219 warn locking  /Users/JacquelineWilliams/.npm/_locks/debug-8e701bb53f36e4a3.lock failed { [Error: EACCES, open '/Users/JacquelineWilliams/.npm/_locks/debug-8e701bb53f36e4a3.lock']
219 warn locking   errno: -13,
219 warn locking   code: 'EACCES',
219 warn locking   path: '/Users/JacquelineWilliams/.npm/_locks/debug-8e701bb53f36e4a3.lock' }
220 verbose stack Error: Attempt to unlock /Users/JacquelineWilliams/dev/projects_2015/node_mongo_api/workout-tracker/node_modules/debug, which hasn't been locked
220 verbose stack     at unlock (/usr/local/lib/node_modules/npm/lib/utils/locker.js:66:11)
220 verbose stack     at cb (/usr/local/lib/node_modules/npm/lib/install.js:1017:5)
220 verbose stack     at /usr/local/lib/node_modules/npm/lib/install.js:1021:20
220 verbose stack     at /usr/local/lib/node_modules/npm/lib/utils/locker.js:40:9
220 verbose stack     at cb (/usr/local/lib/node_modules/npm/node_modules/lockfile/lockfile.js:149:38)
220 verbose stack     at /usr/local/lib/node_modules/npm/node_modules/lockfile/lockfile.js:177:38
220 verbose stack     at FSReqWrap.oncomplete (fs.js:95:15)
221 verbose cwd /Users/JacquelineWilliams/dev/projects_2015/node_mongo_api/workout-tracker
222 error Darwin 13.4.0
223 error argv "node" "/usr/local/bin/npm" "install" "-d"
224 error node v0.12.7
225 error npm  v2.11.3
226 error Attempt to unlock /Users/JacquelineWilliams/dev/projects_2015/node_mongo_api/workout-tracker/node_modules/debug, which hasn't been locked
227 error If you need help, you may report this error at:
227 error     <https://github.com/npm/npm/issues>
228 verbose exit [ 1, true ]
